[36m--[0m Using CATKIN_DEVEL_PREFIX: /home/m/ABU2023_ws/devel/.private/adbot_separate_rings
[36m--[0m Using CMAKE_PREFIX_PATH: /home/m/ABU2023_ws/devel;/opt/ros/noetic
[36m--[0m This workspace overlays: /home/m/ABU2023_ws/devel;/opt/ros/noetic
[36m--[0m Found PythonInterp: /usr/bin/python3 (found suitable version "3.8.10", minimum required is "3")
[36m--[0m Using PYTHON_EXECUTABLE: /usr/bin/python3
[36m--[0m Using Debian Python package layout
[36m--[0m Using empy: /usr/lib/python3/dist-packages/em.py
[36m--[0m Using CATKIN_ENABLE_TESTING: ON
[36m--[0m Call enable_testing()
[36m--[0m Using CATKIN_TEST_RESULTS_DIR: /home/m/ABU2023_ws/build/adbot_separate_rings/test_results
[36m--[0m Forcing gtest/gmock from source, though one was otherwise available.
[36m--[0m Found gtest sources under '/usr/src/googletest': gtests will be built
[36m--[0m Found gmock sources under '/usr/src/googletest': gmock will be built
[36m--[0m Found PythonInterp: /usr/bin/python3 (found version "3.8.10")
[36m--[0m Using Python nosetests: /usr/bin/nosetests3
[36m--[0m catkin 0.8.10
[36m--[0m BUILD_SHARED_LIBS is on
[36m--[0m Configuring done
[31m[1mCMake Error[0m at /home/m/ABU2023_ws/src/adbot_separate_rings/CMakeLists.txt:161 (add_dependencies):
  The dependency target "adbot_separate_rings_generate_messages_cpp" of
  target "separate_rings" does not exist.


[36m--[0m Generating done
CMake Generate step failed.  Build files cannot be regenerated correctly.
make: *** [Makefile:574: cmake_check_build_system] エラー 1
